  main_client.cpp
C:\Users\kirkb\Desktop\Networking\NP-Chat-Program\Chat Program\dev\include\cBuffer.h(71,20): warning C4244: '=': conversion from 'int16_t' to '_Ty', possible loss of data
C:\Users\kirkb\Desktop\Networking\NP-Chat-Program\Chat Program\dev\include\cBuffer.h(71,20): warning C4244:         with
C:\Users\kirkb\Desktop\Networking\NP-Chat-Program\Chat Program\dev\include\cBuffer.h(71,20): warning C4244:         [
C:\Users\kirkb\Desktop\Networking\NP-Chat-Program\Chat Program\dev\include\cBuffer.h(71,20): warning C4244:             _Ty=char
C:\Users\kirkb\Desktop\Networking\NP-Chat-Program\Chat Program\dev\include\cBuffer.h(71,20): warning C4244:         ]
C:\Users\kirkb\Desktop\Networking\NP-Chat-Program\Chat Program\dev\include\cBuffer.h(84,16): warning C4244: '=': conversion from 'int16_t' to '_Ty', possible loss of data
C:\Users\kirkb\Desktop\Networking\NP-Chat-Program\Chat Program\dev\include\cBuffer.h(84,16): warning C4244:         with
C:\Users\kirkb\Desktop\Networking\NP-Chat-Program\Chat Program\dev\include\cBuffer.h(84,16): warning C4244:         [
C:\Users\kirkb\Desktop\Networking\NP-Chat-Program\Chat Program\dev\include\cBuffer.h(84,16): warning C4244:             _Ty=char
C:\Users\kirkb\Desktop\Networking\NP-Chat-Program\Chat Program\dev\include\cBuffer.h(84,16): warning C4244:         ]
C:\Users\kirkb\Desktop\Networking\NP-Chat-Program\Chat Program\dev\include\cProtocol.h(35,1): warning C4267: 'argument': conversion from 'size_t' to 'int32_t', possible loss of data
C:\Users\kirkb\Desktop\Networking\NP-Chat-Program\Chat Program\dev\include\cProtocol.h(40,1): warning C4267: 'argument': conversion from 'size_t' to 'int32_t', possible loss of data
C:\Users\kirkb\Desktop\Networking\NP-Chat-Program\Chat Program\dev\include\cProtocol.h(44,1): warning C4267: 'argument': conversion from 'size_t' to 'int32_t', possible loss of data
C:\Users\kirkb\Desktop\Networking\NP-Chat-Program\Chat Program\dev\include\cProtocol.h(55,1): warning C4267: 'argument': conversion from 'size_t' to 'int32_t', possible loss of data
C:\Users\kirkb\Desktop\Networking\NP-Chat-Program\Chat Program\dev\include\cProtocol.h(60,1): warning C4267: 'argument': conversion from 'size_t' to 'int32_t', possible loss of data
C:\Users\kirkb\Desktop\Networking\NP-Chat-Program\Chat Program\dev\include\cProtocol.h(64,1): warning C4267: 'argument': conversion from 'size_t' to 'int32_t', possible loss of data
C:\Users\kirkb\Desktop\Networking\NP-Chat-Program\Chat Program\dev\include\cProtocol.h(68,1): warning C4267: 'argument': conversion from 'size_t' to 'int32_t', possible loss of data
C:\Users\kirkb\Desktop\Networking\NP-Chat-Program\Chat Program\dev\include\cProtocol.h(80,1): warning C4267: 'argument': conversion from 'size_t' to 'int', possible loss of data
C:\Users\kirkb\Desktop\Networking\NP-Chat-Program\Chat Program\dev\include\cProtocol.h(84,1): warning C4267: 'argument': conversion from 'size_t' to 'int32_t', possible loss of data
C:\Users\kirkb\Desktop\Networking\NP-Chat-Program\Chat Program\dev\include\cProtocol.h(96,1): warning C4267: 'argument': conversion from 'size_t' to 'int32_t', possible loss of data
C:\Users\kirkb\Desktop\Networking\NP-Chat-Program\Chat Program\dev\include\cProtocol.h(100,1): warning C4267: 'argument': conversion from 'size_t' to 'int32_t', possible loss of data
C:\Users\kirkb\Desktop\Networking\NP-Chat-Program\Chat Program\Client\main_client.cpp(114,56): warning C4267: 'argument': conversion from 'size_t' to 'int', possible loss of data
C:\Users\kirkb\Desktop\Networking\NP-Chat-Program\Chat Program\Client\main_client.cpp(98,8): warning C4101: 'RecvBytes': unreferenced local variable
C:\Users\kirkb\Desktop\Networking\NP-Chat-Program\Chat Program\Client\main_client.cpp(20,9): warning C4101: 'dataBuf': unreferenced local variable
  Client.vcxproj -> C:\Users\kirkb\Desktop\Networking\NP-Chat-Program\Chat Program\x64\Debug\Client.exe
